2016/06/01 07:47:15 INFO  - jmeter.util.JMeterUtils: Setting Locale to es_CO 
2016/06/01 07:47:15 INFO  - jmeter.util.JMeterUtils: Could not find resources for 'es_CO', using 'es' 
2016/06/01 07:47:15 INFO  - jmeter.JMeter: Loading user properties from: /opt/apache-jmeter-2.13/bin/user.properties 
2016/06/01 07:47:15 INFO  - jmeter.JMeter: Loading system properties from: /opt/apache-jmeter-2.13/bin/system.properties 
2016/06/01 07:47:15 INFO  - jmeter.JMeter: Copyright (c) 1998-2015 The Apache Software Foundation 
2016/06/01 07:47:15 INFO  - jmeter.JMeter: Version 2.13 r1665067 
2016/06/01 07:47:15 INFO  - jmeter.JMeter: java.version=1.7.0_101 
2016/06/01 07:47:15 INFO  - jmeter.JMeter: java.vm.name=OpenJDK 64-Bit Server VM 
2016/06/01 07:47:15 INFO  - jmeter.JMeter: os.name=Linux 
2016/06/01 07:47:15 INFO  - jmeter.JMeter: os.arch=amd64 
2016/06/01 07:47:15 INFO  - jmeter.JMeter: os.version=4.2.0-36-generic 
2016/06/01 07:47:15 INFO  - jmeter.JMeter: file.encoding=UTF-8 
2016/06/01 07:47:15 INFO  - jmeter.JMeter: Default Locale=español (Colombia) 
2016/06/01 07:47:15 INFO  - jmeter.JMeter: JMeter  Locale=español (Colombia) 
2016/06/01 07:47:15 INFO  - jmeter.JMeter: JMeterHome=/opt/apache-jmeter-2.13 
2016/06/01 07:47:15 INFO  - jmeter.JMeter: user.dir  =/home/sgonzalez/performance/DEMO/utils 
2016/06/01 07:47:15 INFO  - jmeter.JMeter: PWD       =/home/sgonzalez/performance/DEMO/utils 
2016/06/01 07:47:15 INFO  - jmeter.JMeter: IP: 127.0.1.1 Name: sgonzalez-N551JM FullName: sgonzalez-N551JM 
2016/06/01 07:47:16 INFO  - jmeter.gui.action.LookAndFeelCommand: Using look and feel: javax.swing.plaf.metal.MetalLookAndFeel [Metal, CrossPlatform] 
2016/06/01 07:47:16 INFO  - jmeter.JMeter: Loaded icon properties from org/apache/jmeter/images/icon.properties 
2016/06/01 07:47:17 INFO  - jmeter.engine.util.CompoundVariable: Note: Function class names must contain the string: '.functions.' 
2016/06/01 07:47:17 INFO  - jmeter.engine.util.CompoundVariable: Note: Function class names must not contain the string: '.gui.' 
2016/06/01 07:47:18 INFO  - jmeter.JMeter: Loading file: perfmon.jmx 
2016/06/01 07:47:18 INFO  - jmeter.services.FileServer: Default base='/home/sgonzalez/performance/DEMO/utils' 
2016/06/01 07:47:18 INFO  - jmeter.services.FileServer: Set new base='/home/sgonzalez/performance/DEMO/utils' 
2016/06/01 07:47:18 INFO  - jmeter.save.SaveService: Testplan (JMX) version: 2.2. Testlog (JTL) version: 2.2 
2016/06/01 07:47:18 INFO  - jmeter.save.SaveService: Using SaveService properties file encoding UTF-8 
2016/06/01 07:47:18 INFO  - jmeter.save.SaveService: Using SaveService properties file version 1656252 
2016/06/01 07:47:18 INFO  - jmeter.save.SaveService: Using SaveService properties version 2.8 
2016/06/01 07:47:18 INFO  - jmeter.save.SaveService: All converter versions present and correct 
2016/06/01 07:47:18 INFO  - jmeter.save.SaveService: Loading file: perfmon.jmx 
2016/06/01 07:47:18 INFO  - jmeter.services.FileServer: Set new base='/home/sgonzalez/performance/DEMO/utils' 
2016/06/01 07:47:20 INFO  - jmeter.util.BSFTestElement: Registering JMeter version of JavaScript engine as work-round for BSF-22 
2016/06/01 07:47:20 INFO  - jmeter.protocol.http.sampler.HTTPSamplerBase: Cannot find .className property for htmlParser, using default 
2016/06/01 07:47:20 INFO  - jmeter.protocol.http.sampler.HTTPSamplerBase: Parser for text/html is  
2016/06/01 07:47:20 INFO  - jmeter.protocol.http.sampler.HTTPSamplerBase: Parser for application/xhtml+xml is  
2016/06/01 07:47:20 INFO  - jmeter.protocol.http.sampler.HTTPSamplerBase: Parser for application/xml is  
2016/06/01 07:47:20 INFO  - jmeter.protocol.http.sampler.HTTPSamplerBase: Parser for text/xml is  
2016/06/01 07:47:20 INFO  - jmeter.protocol.http.sampler.HTTPSamplerBase: Parser for text/vnd.wap.wml is org.apache.jmeter.protocol.http.parser.RegexpHTMLParser 
2016/06/01 07:47:21 INFO  - jmeter.gui.util.MenuFactory: Skipping org.apache.jmeter.protocol.http.control.gui.WebServiceSamplerGui 
2016/06/01 07:47:21 INFO  - jmeter.gui.util.MenuFactory: Skipping org.apache.jmeter.protocol.http.modifier.gui.ParamModifierGui 
2016/06/01 07:47:21 INFO  - jorphan.exec.KeyToolUtils: keytool found at 'keytool' 
2016/06/01 07:47:21 INFO  - jmeter.protocol.http.proxy.ProxyControl: HTTP(S) Test Script Recorder SSL Proxy will use keys that support embedded 3rd party resources in file /opt/apache-jmeter-2.13/bin/proxyserver.jks 
2016/06/01 07:47:22 INFO  - jmeter.samplers.SampleResult: Note: Sample TimeStamps are START times 
2016/06/01 07:47:22 INFO  - jmeter.samplers.SampleResult: sampleresult.default.encoding is set to ISO-8859-1 
2016/06/01 07:47:22 INFO  - jmeter.samplers.SampleResult: sampleresult.useNanoTime=true 
2016/06/01 07:47:22 INFO  - jmeter.samplers.SampleResult: sampleresult.nanoThreadSleep=5000 
